This file contains any messages produced by compilers while
running configure, to aid debugging if configure makes a mistake.

It was created by sixproc configure 5.0.4, which was
generated by GNU Autoconf 2.69.  Invocation command line was

  $ ./configure --prefix=/home/vgajjar/linux64_bin/bin/

## --------- ##
## Platform. ##
## --------- ##

hostname = blpc1
uname -m = x86_64
uname -r = 4.4.0-67-generic
uname -s = Linux
uname -v = #88-Ubuntu SMP Wed Mar 8 16:34:45 UTC 2017

/usr/bin/uname -p = unknown
/bin/uname -X     = unknown

/bin/arch              = unknown
/usr/bin/arch -k       = unknown
/usr/convex/getsysinfo = unknown
/usr/bin/hostinfo      = unknown
/bin/machine           = unknown
/usr/bin/oslevel       = unknown
/bin/universe          = unknown

PATH: /home/vgajjar/bin
PATH: /home/vgajjar/.local/bin
PATH: /usr/local/sbin
PATH: /usr/local/bin
PATH: /usr/sbin
PATH: /usr/bin
PATH: /sbin
PATH: /bin
PATH: /usr/games
PATH: /usr/local/games
PATH: /home/vgajjar/linux64_bin/bin/
PATH: /usr/local/cuda-8.0/bin/
PATH: /home/vgajjar/peasoup/bin/
PATH: /home/karenp/presto/bin/
PATH: /usr/local/sigproc/bin/
PATH: /home/karenp/tempo/bin/
PATH: /home/karenp/ImageMagick/ImageMagick-7.0.8-53/bin/
PATH: /home/karenp/PulsarSearch/psrcat_tar/
PATH: /home/vgajjar/PulsarSearch/


## ----------- ##
## Core tests. ##
## ----------- ##

configure:2656: checking for gcc
configure:2672: found /usr/bin/gcc
configure:2683: result: gcc
configure:2912: checking for C compiler version
configure:2921: gcc --version >&5
gcc (Ubuntu 5.4.0-6ubuntu1~16.04.5) 5.4.0 20160609
Copyright (C) 2015 Free Software Foundation, Inc.
This is free software; see the source for copying conditions.  There is NO
warranty; not even for MERCHANTABILITY or FITNESS FOR A PARTICULAR PURPOSE.

configure:2932: $? = 0
configure:2921: gcc -v >&5
Using built-in specs.
COLLECT_GCC=gcc
COLLECT_LTO_WRAPPER=/usr/lib/gcc/x86_64-linux-gnu/5/lto-wrapper
Target: x86_64-linux-gnu
Configured with: ../src/configure -v --with-pkgversion='Ubuntu 5.4.0-6ubuntu1~16.04.5' --with-bugurl=file:///usr/share/doc/gcc-5/README.Bugs --enable-languages=c,ada,c++,java,go,d,fortran,objc,obj-c++ --prefix=/usr --program-suffix=-5 --enable-shared --enable-linker-build-id --libexecdir=/usr/lib --without-included-gettext --enable-threads=posix --libdir=/usr/lib --enable-nls --with-sysroot=/ --enable-clocale=gnu --enable-libstdcxx-debug --enable-libstdcxx-time=yes --with-default-libstdcxx-abi=new --enable-gnu-unique-object --disable-vtable-verify --enable-libmpx --enable-plugin --with-system-zlib --disable-browser-plugin --enable-java-awt=gtk --enable-gtk-cairo --with-java-home=/usr/lib/jvm/java-1.5.0-gcj-5-amd64/jre --enable-java-home --with-jvm-root-dir=/usr/lib/jvm/java-1.5.0-gcj-5-amd64 --with-jvm-jar-dir=/usr/lib/jvm-exports/java-1.5.0-gcj-5-amd64 --with-arch-directory=amd64 --with-ecj-jar=/usr/share/java/eclipse-ecj.jar --enable-objc-gc --enable-multiarch --disable-werror --with-arch-32=i686 --with-abi=m64 --with-multilib-list=m32,m64,mx32 --enable-multilib --with-tune=generic --enable-checking=release --build=x86_64-linux-gnu --host=x86_64-linux-gnu --target=x86_64-linux-gnu
Thread model: posix
gcc version 5.4.0 20160609 (Ubuntu 5.4.0-6ubuntu1~16.04.5) 
configure:2932: $? = 0
configure:2921: gcc -V >&5
gcc: error: unrecognized command line option '-V'
gcc: fatal error: no input files
compilation terminated.
configure:2932: $? = 1
configure:2921: gcc -qversion >&5
gcc: error: unrecognized command line option '-qversion'
gcc: fatal error: no input files
compilation terminated.
configure:2932: $? = 1
configure:2952: checking whether the C compiler works
configure:2974: gcc    conftest.c  >&5
configure:2978: $? = 0
configure:3026: result: yes
configure:3029: checking for C compiler default output file name
configure:3031: result: a.out
configure:3037: checking for suffix of executables
configure:3044: gcc -o conftest    conftest.c  >&5
configure:3048: $? = 0
configure:3070: result: 
configure:3092: checking whether we are cross compiling
configure:3100: gcc -o conftest    conftest.c  >&5
configure:3104: $? = 0
configure:3111: ./conftest
configure:3115: $? = 0
configure:3130: result: no
configure:3135: checking for suffix of object files
configure:3157: gcc -c   conftest.c >&5
configure:3161: $? = 0
configure:3182: result: o
configure:3186: checking whether we are using the GNU C compiler
configure:3205: gcc -c   conftest.c >&5
configure:3205: $? = 0
configure:3214: result: yes
configure:3223: checking whether gcc accepts -g
configure:3243: gcc -c -g  conftest.c >&5
configure:3243: $? = 0
configure:3284: result: yes
configure:3301: checking for gcc option to accept ISO C89
configure:3364: gcc  -c -g -O2  conftest.c >&5
configure:3364: $? = 0
configure:3377: result: none needed
configure:3402: checking whether gcc understands -c and -o together
configure:3424: gcc -c conftest.c -o conftest2.o
configure:3427: $? = 0
configure:3424: gcc -c conftest.c -o conftest2.o
configure:3427: $? = 0
configure:3439: result: yes
configure:3464: checking for special C compiler options needed for large files
configure:3509: result: no
configure:3515: checking for _FILE_OFFSET_BITS value needed for large files
configure:3540: gcc -c -g -O2  conftest.c >&5
configure:3540: $? = 0
configure:3572: result: no
configure:3664: checking how to run the C preprocessor
configure:3695: gcc -E  conftest.c
configure:3695: $? = 0
configure:3709: gcc -E  conftest.c
conftest.c:9:28: fatal error: ac_nonexistent.h: No such file or directory
compilation terminated.
configure:3709: $? = 1
configure: failed program was:
| /* confdefs.h */
| #define PACKAGE_NAME "sixproc"
| #define PACKAGE_TARNAME "sixproc"
| #define PACKAGE_VERSION "5.0.4"
| #define PACKAGE_STRING "sixproc 5.0.4"
| #define PACKAGE_BUGREPORT "mkeith@pulsarastronomy.net"
| #define PACKAGE_URL ""
| /* end confdefs.h.  */
| #include <ac_nonexistent.h>
configure:3734: result: gcc -E
configure:3754: gcc -E  conftest.c
configure:3754: $? = 0
configure:3768: gcc -E  conftest.c
conftest.c:9:28: fatal error: ac_nonexistent.h: No such file or directory
compilation terminated.
configure:3768: $? = 1
configure: failed program was:
| /* confdefs.h */
| #define PACKAGE_NAME "sixproc"
| #define PACKAGE_TARNAME "sixproc"
| #define PACKAGE_VERSION "5.0.4"
| #define PACKAGE_STRING "sixproc 5.0.4"
| #define PACKAGE_BUGREPORT "mkeith@pulsarastronomy.net"
| #define PACKAGE_URL ""
| /* end confdefs.h.  */
| #include <ac_nonexistent.h>
configure:3797: checking for grep that handles long lines and -e
configure:3855: result: /bin/grep
configure:3860: checking for egrep
configure:3922: result: /bin/grep -E
configure:3927: checking for ANSI C header files
configure:3947: gcc -c -g -O2  conftest.c >&5
configure:3947: $? = 0
configure:4020: gcc -o conftest -g -O2   conftest.c  >&5
configure:4020: $? = 0
configure:4020: ./conftest
configure:4020: $? = 0
configure:4031: result: yes
configure:4044: checking for sys/types.h
configure:4044: gcc -c -g -O2  conftest.c >&5
configure:4044: $? = 0
configure:4044: result: yes
configure:4044: checking for sys/stat.h
configure:4044: gcc -c -g -O2  conftest.c >&5
configure:4044: $? = 0
configure:4044: result: yes
configure:4044: checking for stdlib.h
configure:4044: gcc -c -g -O2  conftest.c >&5
configure:4044: $? = 0
configure:4044: result: yes
configure:4044: checking for string.h
configure:4044: gcc -c -g -O2  conftest.c >&5
configure:4044: $? = 0
configure:4044: result: yes
configure:4044: checking for memory.h
configure:4044: gcc -c -g -O2  conftest.c >&5
configure:4044: $? = 0
configure:4044: result: yes
configure:4044: checking for strings.h
configure:4044: gcc -c -g -O2  conftest.c >&5
configure:4044: $? = 0
configure:4044: result: yes
configure:4044: checking for inttypes.h
configure:4044: gcc -c -g -O2  conftest.c >&5
configure:4044: $? = 0
configure:4044: result: yes
configure:4044: checking for stdint.h
configure:4044: gcc -c -g -O2  conftest.c >&5
configure:4044: $? = 0
configure:4044: result: yes
configure:4044: checking for unistd.h
configure:4044: gcc -c -g -O2  conftest.c >&5
configure:4044: $? = 0
configure:4044: result: yes
configure:4056: checking whether byte ordering is bigendian
configure:4071: gcc -c -g -O2  conftest.c >&5
conftest.c:20:9: error: unknown type name 'not'
         not a universal capable compiler
         ^
conftest.c:20:15: error: expected '=', ',', ';', 'asm' or '__attribute__' before 'universal'
         not a universal capable compiler
               ^
conftest.c:20:15: error: unknown type name 'universal'
configure:4071: $? = 1
configure: failed program was:
| /* confdefs.h */
| #define PACKAGE_NAME "sixproc"
| #define PACKAGE_TARNAME "sixproc"
| #define PACKAGE_VERSION "5.0.4"
| #define PACKAGE_STRING "sixproc 5.0.4"
| #define PACKAGE_BUGREPORT "mkeith@pulsarastronomy.net"
| #define PACKAGE_URL ""
| #define STDC_HEADERS 1
| #define HAVE_SYS_TYPES_H 1
| #define HAVE_SYS_STAT_H 1
| #define HAVE_STDLIB_H 1
| #define HAVE_STRING_H 1
| #define HAVE_MEMORY_H 1
| #define HAVE_STRINGS_H 1
| #define HAVE_INTTYPES_H 1
| #define HAVE_STDINT_H 1
| #define HAVE_UNISTD_H 1
| /* end confdefs.h.  */
| #ifndef __APPLE_CC__
| 	       not a universal capable compiler
| 	     #endif
| 	     typedef int dummy;
| 
configure:4116: gcc -c -g -O2  conftest.c >&5
configure:4116: $? = 0
configure:4134: gcc -c -g -O2  conftest.c >&5
conftest.c: In function 'main':
conftest.c:26:4: error: unknown type name 'not'
    not big endian
    ^
conftest.c:26:12: error: expected '=', ',', ';', 'asm' or '__attribute__' before 'endian'
    not big endian
            ^
configure:4134: $? = 1
configure: failed program was:
| /* confdefs.h */
| #define PACKAGE_NAME "sixproc"
| #define PACKAGE_TARNAME "sixproc"
| #define PACKAGE_VERSION "5.0.4"
| #define PACKAGE_STRING "sixproc 5.0.4"
| #define PACKAGE_BUGREPORT "mkeith@pulsarastronomy.net"
| #define PACKAGE_URL ""
| #define STDC_HEADERS 1
| #define HAVE_SYS_TYPES_H 1
| #define HAVE_SYS_STAT_H 1
| #define HAVE_STDLIB_H 1
| #define HAVE_STRING_H 1
| #define HAVE_MEMORY_H 1
| #define HAVE_STRINGS_H 1
| #define HAVE_INTTYPES_H 1
| #define HAVE_STDINT_H 1
| #define HAVE_UNISTD_H 1
| /* end confdefs.h.  */
| #include <sys/types.h>
| 		#include <sys/param.h>
| 
| int
| main ()
| {
| #if BYTE_ORDER != BIG_ENDIAN
| 		 not big endian
| 		#endif
| 
|   ;
|   return 0;
| }
configure:4262: result: no
configure:4340: checking for g++
configure:4356: found /usr/bin/g++
configure:4367: result: g++
configure:4394: checking for C++ compiler version
configure:4403: g++ --version >&5
g++ (Ubuntu 5.4.0-6ubuntu1~16.04.5) 5.4.0 20160609
Copyright (C) 2015 Free Software Foundation, Inc.
This is free software; see the source for copying conditions.  There is NO
warranty; not even for MERCHANTABILITY or FITNESS FOR A PARTICULAR PURPOSE.

configure:4414: $? = 0
configure:4403: g++ -v >&5
Using built-in specs.
COLLECT_GCC=g++
COLLECT_LTO_WRAPPER=/usr/lib/gcc/x86_64-linux-gnu/5/lto-wrapper
Target: x86_64-linux-gnu
Configured with: ../src/configure -v --with-pkgversion='Ubuntu 5.4.0-6ubuntu1~16.04.5' --with-bugurl=file:///usr/share/doc/gcc-5/README.Bugs --enable-languages=c,ada,c++,java,go,d,fortran,objc,obj-c++ --prefix=/usr --program-suffix=-5 --enable-shared --enable-linker-build-id --libexecdir=/usr/lib --without-included-gettext --enable-threads=posix --libdir=/usr/lib --enable-nls --with-sysroot=/ --enable-clocale=gnu --enable-libstdcxx-debug --enable-libstdcxx-time=yes --with-default-libstdcxx-abi=new --enable-gnu-unique-object --disable-vtable-verify --enable-libmpx --enable-plugin --with-system-zlib --disable-browser-plugin --enable-java-awt=gtk --enable-gtk-cairo --with-java-home=/usr/lib/jvm/java-1.5.0-gcj-5-amd64/jre --enable-java-home --with-jvm-root-dir=/usr/lib/jvm/java-1.5.0-gcj-5-amd64 --with-jvm-jar-dir=/usr/lib/jvm-exports/java-1.5.0-gcj-5-amd64 --with-arch-directory=amd64 --with-ecj-jar=/usr/share/java/eclipse-ecj.jar --enable-objc-gc --enable-multiarch --disable-werror --with-arch-32=i686 --with-abi=m64 --with-multilib-list=m32,m64,mx32 --enable-multilib --with-tune=generic --enable-checking=release --build=x86_64-linux-gnu --host=x86_64-linux-gnu --target=x86_64-linux-gnu
Thread model: posix
gcc version 5.4.0 20160609 (Ubuntu 5.4.0-6ubuntu1~16.04.5) 
configure:4414: $? = 0
configure:4403: g++ -V >&5
g++: error: unrecognized command line option '-V'
g++: fatal error: no input files
compilation terminated.
configure:4414: $? = 1
configure:4403: g++ -qversion >&5
g++: error: unrecognized command line option '-qversion'
g++: fatal error: no input files
compilation terminated.
configure:4414: $? = 1
configure:4418: checking whether we are using the GNU C++ compiler
configure:4437: g++ -c   conftest.cpp >&5
configure:4437: $? = 0
configure:4446: result: yes
configure:4455: checking whether g++ accepts -g
configure:4475: g++ -c -g  conftest.cpp >&5
configure:4475: $? = 0
configure:4516: result: yes
configure:4544: checking how to run the C++ preprocessor
configure:4571: g++ -E  conftest.cpp
configure:4571: $? = 0
configure:4585: g++ -E  conftest.cpp
conftest.cpp:19:28: fatal error: ac_nonexistent.h: No such file or directory
compilation terminated.
configure:4585: $? = 1
configure: failed program was:
| /* confdefs.h */
| #define PACKAGE_NAME "sixproc"
| #define PACKAGE_TARNAME "sixproc"
| #define PACKAGE_VERSION "5.0.4"
| #define PACKAGE_STRING "sixproc 5.0.4"
| #define PACKAGE_BUGREPORT "mkeith@pulsarastronomy.net"
| #define PACKAGE_URL ""
| #define STDC_HEADERS 1
| #define HAVE_SYS_TYPES_H 1
| #define HAVE_SYS_STAT_H 1
| #define HAVE_STDLIB_H 1
| #define HAVE_STRING_H 1
| #define HAVE_MEMORY_H 1
| #define HAVE_STRINGS_H 1
| #define HAVE_INTTYPES_H 1
| #define HAVE_STDINT_H 1
| #define HAVE_UNISTD_H 1
| /* end confdefs.h.  */
| #include <ac_nonexistent.h>
configure:4610: result: g++ -E
configure:4630: g++ -E  conftest.cpp
configure:4630: $? = 0
configure:4644: g++ -E  conftest.cpp
conftest.cpp:19:28: fatal error: ac_nonexistent.h: No such file or directory
compilation terminated.
configure:4644: $? = 1
configure: failed program was:
| /* confdefs.h */
| #define PACKAGE_NAME "sixproc"
| #define PACKAGE_TARNAME "sixproc"
| #define PACKAGE_VERSION "5.0.4"
| #define PACKAGE_STRING "sixproc 5.0.4"
| #define PACKAGE_BUGREPORT "mkeith@pulsarastronomy.net"
| #define PACKAGE_URL ""
| #define STDC_HEADERS 1
| #define HAVE_SYS_TYPES_H 1
| #define HAVE_SYS_STAT_H 1
| #define HAVE_STDLIB_H 1
| #define HAVE_STRING_H 1
| #define HAVE_MEMORY_H 1
| #define HAVE_STRINGS_H 1
| #define HAVE_INTTYPES_H 1
| #define HAVE_STDINT_H 1
| #define HAVE_UNISTD_H 1
| /* end confdefs.h.  */
| #include <ac_nonexistent.h>
configure:4720: checking for gcc
configure:4747: result: gcc
configure:4976: checking for C compiler version
configure:4985: gcc --version >&5
gcc (Ubuntu 5.4.0-6ubuntu1~16.04.5) 5.4.0 20160609
Copyright (C) 2015 Free Software Foundation, Inc.
This is free software; see the source for copying conditions.  There is NO
warranty; not even for MERCHANTABILITY or FITNESS FOR A PARTICULAR PURPOSE.

configure:4996: $? = 0
configure:4985: gcc -v >&5
Using built-in specs.
COLLECT_GCC=gcc
COLLECT_LTO_WRAPPER=/usr/lib/gcc/x86_64-linux-gnu/5/lto-wrapper
Target: x86_64-linux-gnu
Configured with: ../src/configure -v --with-pkgversion='Ubuntu 5.4.0-6ubuntu1~16.04.5' --with-bugurl=file:///usr/share/doc/gcc-5/README.Bugs --enable-languages=c,ada,c++,java,go,d,fortran,objc,obj-c++ --prefix=/usr --program-suffix=-5 --enable-shared --enable-linker-build-id --libexecdir=/usr/lib --without-included-gettext --enable-threads=posix --libdir=/usr/lib --enable-nls --with-sysroot=/ --enable-clocale=gnu --enable-libstdcxx-debug --enable-libstdcxx-time=yes --with-default-libstdcxx-abi=new --enable-gnu-unique-object --disable-vtable-verify --enable-libmpx --enable-plugin --with-system-zlib --disable-browser-plugin --enable-java-awt=gtk --enable-gtk-cairo --with-java-home=/usr/lib/jvm/java-1.5.0-gcj-5-amd64/jre --enable-java-home --with-jvm-root-dir=/usr/lib/jvm/java-1.5.0-gcj-5-amd64 --with-jvm-jar-dir=/usr/lib/jvm-exports/java-1.5.0-gcj-5-amd64 --with-arch-directory=amd64 --with-ecj-jar=/usr/share/java/eclipse-ecj.jar --enable-objc-gc --enable-multiarch --disable-werror --with-arch-32=i686 --with-abi=m64 --with-multilib-list=m32,m64,mx32 --enable-multilib --with-tune=generic --enable-checking=release --build=x86_64-linux-gnu --host=x86_64-linux-gnu --target=x86_64-linux-gnu
Thread model: posix
gcc version 5.4.0 20160609 (Ubuntu 5.4.0-6ubuntu1~16.04.5) 
configure:4996: $? = 0
configure:4985: gcc -V >&5
gcc: error: unrecognized command line option '-V'
gcc: fatal error: no input files
compilation terminated.
configure:4996: $? = 1
configure:4985: gcc -qversion >&5
gcc: error: unrecognized command line option '-qversion'
gcc: fatal error: no input files
compilation terminated.
configure:4996: $? = 1
configure:5000: checking whether we are using the GNU C compiler
configure:5028: result: yes
configure:5037: checking whether gcc accepts -g
configure:5098: result: yes
configure:5115: checking for gcc option to accept ISO C89
configure:5191: result: none needed
configure:5216: checking whether gcc understands -c and -o together
configure:5253: result: yes
configure:5275: checking how to run the C preprocessor
configure:5345: result: gcc -E
configure:5365: gcc -E  conftest.c
configure:5365: $? = 0
configure:5379: gcc -E  conftest.c
conftest.c:19:28: fatal error: ac_nonexistent.h: No such file or directory
compilation terminated.
configure:5379: $? = 1
configure: failed program was:
| /* confdefs.h */
| #define PACKAGE_NAME "sixproc"
| #define PACKAGE_TARNAME "sixproc"
| #define PACKAGE_VERSION "5.0.4"
| #define PACKAGE_STRING "sixproc 5.0.4"
| #define PACKAGE_BUGREPORT "mkeith@pulsarastronomy.net"
| #define PACKAGE_URL ""
| #define STDC_HEADERS 1
| #define HAVE_SYS_TYPES_H 1
| #define HAVE_SYS_STAT_H 1
| #define HAVE_STDLIB_H 1
| #define HAVE_STRING_H 1
| #define HAVE_MEMORY_H 1
| #define HAVE_STRINGS_H 1
| #define HAVE_INTTYPES_H 1
| #define HAVE_STDINT_H 1
| #define HAVE_UNISTD_H 1
| /* end confdefs.h.  */
| #include <ac_nonexistent.h>
configure:5461: checking for g77
configure:5491: result: no
configure:5461: checking for xlf
configure:5491: result: no
configure:5461: checking for f77
configure:5477: found /usr/bin/f77
configure:5488: result: f77
configure:5514: checking for Fortran 77 compiler version
configure:5523: f77 --version >&5
GNU Fortran (Ubuntu 5.4.0-6ubuntu1~16.04.5) 5.4.0 20160609
Copyright (C) 2015 Free Software Foundation, Inc.

GNU Fortran comes with NO WARRANTY, to the extent permitted by law.
You may redistribute copies of GNU Fortran
under the terms of the GNU General Public License.
For more information about these matters, see the file named COPYING

configure:5534: $? = 0
configure:5523: f77 -v >&5
Using built-in specs.
COLLECT_GCC=f77
COLLECT_LTO_WRAPPER=/usr/lib/gcc/x86_64-linux-gnu/5/lto-wrapper
Target: x86_64-linux-gnu
Configured with: ../src/configure -v --with-pkgversion='Ubuntu 5.4.0-6ubuntu1~16.04.5' --with-bugurl=file:///usr/share/doc/gcc-5/README.Bugs --enable-languages=c,ada,c++,java,go,d,fortran,objc,obj-c++ --prefix=/usr --program-suffix=-5 --enable-shared --enable-linker-build-id --libexecdir=/usr/lib --without-included-gettext --enable-threads=posix --libdir=/usr/lib --enable-nls --with-sysroot=/ --enable-clocale=gnu --enable-libstdcxx-debug --enable-libstdcxx-time=yes --with-default-libstdcxx-abi=new --enable-gnu-unique-object --disable-vtable-verify --enable-libmpx --enable-plugin --with-system-zlib --disable-browser-plugin --enable-java-awt=gtk --enable-gtk-cairo --with-java-home=/usr/lib/jvm/java-1.5.0-gcj-5-amd64/jre --enable-java-home --with-jvm-root-dir=/usr/lib/jvm/java-1.5.0-gcj-5-amd64 --with-jvm-jar-dir=/usr/lib/jvm-exports/java-1.5.0-gcj-5-amd64 --with-arch-directory=amd64 --with-ecj-jar=/usr/share/java/eclipse-ecj.jar --enable-objc-gc --enable-multiarch --disable-werror --with-arch-32=i686 --with-abi=m64 --with-multilib-list=m32,m64,mx32 --enable-multilib --with-tune=generic --enable-checking=release --build=x86_64-linux-gnu --host=x86_64-linux-gnu --target=x86_64-linux-gnu
Thread model: posix
gcc version 5.4.0 20160609 (Ubuntu 5.4.0-6ubuntu1~16.04.5) 
configure:5534: $? = 0
configure:5523: f77 -V >&5
f77: error: unrecognized command line option '-V'
f77: fatal error: no input files
compilation terminated.
configure:5534: $? = 1
configure:5523: f77 -qversion >&5
f77: error: unrecognized command line option '-qversion'
f77: fatal error: no input files
compilation terminated.
configure:5534: $? = 1
configure:5543: checking whether we are using the GNU Fortran 77 compiler
configure:5556: f77 -c  conftest.F >&5
configure:5556: $? = 0
configure:5565: result: yes
configure:5571: checking whether f77 accepts -g
configure:5582: f77 -c -g conftest.f >&5
configure:5582: $? = 0
configure:5590: result: yes
configure:5623: checking whether f77 understands -c and -o together
configure:5641: f77 -g -O2 -c conftest.f -o conftest2.o >&5
configure:5645: $? = 0
configure:5652: f77 -g -O2 -c conftest.f -o conftest2.o >&5
configure:5656: $? = 0
configure:5664: result: yes
configure:5682: checking build system type
configure:5696: result: x86_64-pc-linux-gnu
configure:5716: checking host system type
configure:5729: result: x86_64-pc-linux-gnu
configure:5754: checking how to get verbose linking output from f77
configure:5764: f77 -c -g -O2 conftest.f >&5
configure:5764: $? = 0
configure:5782: f77 -o conftest -g -O2 -v conftest.f
Using built-in specs.
Target: x86_64-linux-gnu
Thread model: posix
gcc version 5.4.0 20160609 (Ubuntu 5.4.0-6ubuntu1~16.04.5) 
 /usr/lib/gcc/x86_64-linux-gnu/5/f951 conftest.f -ffixed-form -quiet -dumpbase conftest.f -mtune=generic -march=x86-64 -auxbase conftest -g -O2 -version -fintrinsic-modules-path /usr/lib/gcc/x86_64-linux-gnu/5/finclude -o /tmp/ccOLA3W3.s
GNU Fortran (Ubuntu 5.4.0-6ubuntu1~16.04.5) version 5.4.0 20160609 (x86_64-linux-gnu)
	compiled by GNU C version 5.4.0 20160609, GMP version 6.1.0, MPFR version 3.1.4, MPC version 1.0.3
GGC heuristics: --param ggc-min-expand=100 --param ggc-min-heapsize=131072
GNU Fortran2008 (Ubuntu 5.4.0-6ubuntu1~16.04.5) version 5.4.0 20160609 (x86_64-linux-gnu)
	compiled by GNU C version 5.4.0 20160609, GMP version 6.1.0, MPFR version 3.1.4, MPC version 1.0.3
GGC heuristics: --param ggc-min-expand=100 --param ggc-min-heapsize=131072
 as -v --64 -o /tmp/ccxfHIAb.o /tmp/ccOLA3W3.s
GNU assembler version 2.26.1 (x86_64-linux-gnu) using BFD version (GNU Binutils for Ubuntu) 2.26.1
Reading specs from /usr/lib/gcc/x86_64-linux-gnu/5/libgfortran.spec
rename spec lib to liborig
 /usr/lib/gcc/x86_64-linux-gnu/5/collect2 -plugin /usr/lib/gcc/x86_64-linux-gnu/5/liblto_plugin.so -plugin-opt=/usr/lib/gcc/x86_64-linux-gnu/5/lto-wrapper -plugin-opt=-fresolution=/tmp/ccur7Ffj.res -plugin-opt=-pass-through=-lgcc_s -plugin-opt=-pass-through=-lgcc -plugin-opt=-pass-through=-lquadmath -plugin-opt=-pass-through=-lm -plugin-opt=-pass-through=-lgcc_s -plugin-opt=-pass-through=-lgcc -plugin-opt=-pass-through=-lc -plugin-opt=-pass-through=-lgcc_s -plugin-opt=-pass-through=-lgcc --sysroot=/ --build-id --eh-frame-hdr -m elf_x86_64 --hash-style=gnu --as-needed -dynamic-linker /lib64/ld-linux-x86-64.so.2 -z relro -o conftest /usr/lib/gcc/x86_64-linux-gnu/5/../../../x86_64-linux-gnu/crt1.o /usr/lib/gcc/x86_64-linux-gnu/5/../../../x86_64-linux-gnu/crti.o /usr/lib/gcc/x86_64-linux-gnu/5/crtbegin.o -L/usr/lib/gcc/x86_64-linux-gnu/5 -L/usr/lib/gcc/x86_64-linux-gnu/5/../../../x86_64-linux-gnu -L/usr/lib/gcc/x86_64-linux-gnu/5/../../../../lib -L/lib/x86_64-linux-gnu -L/lib/../lib -L/usr/lib/x86_64-linux-gnu -L/usr/lib/../lib -L/usr/lib/gcc/x86_64-linux-gnu/5/../../.. /tmp/ccxfHIAb.o -lgfortran -lm -lgcc_s -lgcc -lquadmath -lm -lgcc_s -lgcc -lc -lgcc_s -lgcc /usr/lib/gcc/x86_64-linux-gnu/5/crtend.o /usr/lib/gcc/x86_64-linux-gnu/5/../../../x86_64-linux-gnu/crtn.o
configure:5865: result: -v
configure:5867: checking for Fortran 77 libraries of f77
configure:5890: f77 -o conftest -g -O2 -v conftest.f
Using built-in specs.
Target: x86_64-linux-gnu
Thread model: posix
gcc version 5.4.0 20160609 (Ubuntu 5.4.0-6ubuntu1~16.04.5) 
 /usr/lib/gcc/x86_64-linux-gnu/5/f951 conftest.f -ffixed-form -quiet -dumpbase conftest.f -mtune=generic -march=x86-64 -auxbase conftest -g -O2 -version -fintrinsic-modules-path /usr/lib/gcc/x86_64-linux-gnu/5/finclude -o /tmp/ccIzNSYH.s
GNU Fortran (Ubuntu 5.4.0-6ubuntu1~16.04.5) version 5.4.0 20160609 (x86_64-linux-gnu)
	compiled by GNU C version 5.4.0 20160609, GMP version 6.1.0, MPFR version 3.1.4, MPC version 1.0.3
GGC heuristics: --param ggc-min-expand=100 --param ggc-min-heapsize=131072
GNU Fortran2008 (Ubuntu 5.4.0-6ubuntu1~16.04.5) version 5.4.0 20160609 (x86_64-linux-gnu)
	compiled by GNU C version 5.4.0 20160609, GMP version 6.1.0, MPFR version 3.1.4, MPC version 1.0.3
GGC heuristics: --param ggc-min-expand=100 --param ggc-min-heapsize=131072
 as -v --64 -o /tmp/ccCqOLhR.o /tmp/ccIzNSYH.s
GNU assembler version 2.26.1 (x86_64-linux-gnu) using BFD version (GNU Binutils for Ubuntu) 2.26.1
Reading specs from /usr/lib/gcc/x86_64-linux-gnu/5/libgfortran.spec
rename spec lib to liborig
 /usr/lib/gcc/x86_64-linux-gnu/5/collect2 -plugin /usr/lib/gcc/x86_64-linux-gnu/5/liblto_plugin.so -plugin-opt=/usr/lib/gcc/x86_64-linux-gnu/5/lto-wrapper -plugin-opt=-fresolution=/tmp/ccuL7WB0.res -plugin-opt=-pass-through=-lgcc_s -plugin-opt=-pass-through=-lgcc -plugin-opt=-pass-through=-lquadmath -plugin-opt=-pass-through=-lm -plugin-opt=-pass-through=-lgcc_s -plugin-opt=-pass-through=-lgcc -plugin-opt=-pass-through=-lc -plugin-opt=-pass-through=-lgcc_s -plugin-opt=-pass-through=-lgcc --sysroot=/ --build-id --eh-frame-hdr -m elf_x86_64 --hash-style=gnu --as-needed -dynamic-linker /lib64/ld-linux-x86-64.so.2 -z relro -o conftest /usr/lib/gcc/x86_64-linux-gnu/5/../../../x86_64-linux-gnu/crt1.o /usr/lib/gcc/x86_64-linux-gnu/5/../../../x86_64-linux-gnu/crti.o /usr/lib/gcc/x86_64-linux-gnu/5/crtbegin.o -L/usr/lib/gcc/x86_64-linux-gnu/5 -L/usr/lib/gcc/x86_64-linux-gnu/5/../../../x86_64-linux-gnu -L/usr/lib/gcc/x86_64-linux-gnu/5/../../../../lib -L/lib/x86_64-linux-gnu -L/lib/../lib -L/usr/lib/x86_64-linux-gnu -L/usr/lib/../lib -L/usr/lib/gcc/x86_64-linux-gnu/5/../../.. /tmp/ccCqOLhR.o -lgfortran -lm -lgcc_s -lgcc -lquadmath -lm -lgcc_s -lgcc -lc -lgcc_s -lgcc /usr/lib/gcc/x86_64-linux-gnu/5/crtend.o /usr/lib/gcc/x86_64-linux-gnu/5/../../../x86_64-linux-gnu/crtn.o
configure:6086: result:  -L/usr/lib/gcc/x86_64-linux-gnu/5 -L/usr/lib/gcc/x86_64-linux-gnu/5/../../../x86_64-linux-gnu -L/usr/lib/gcc/x86_64-linux-gnu/5/../../../../lib -L/lib/x86_64-linux-gnu -L/lib/../lib -L/usr/lib/x86_64-linux-gnu -L/usr/lib/../lib -L/usr/lib/gcc/x86_64-linux-gnu/5/../../.. -lgfortran -lm -lquadmath
configure:6213: checking for C++ compiler version
configure:6222: g++ --version >&5
g++ (Ubuntu 5.4.0-6ubuntu1~16.04.5) 5.4.0 20160609
Copyright (C) 2015 Free Software Foundation, Inc.
This is free software; see the source for copying conditions.  There is NO
warranty; not even for MERCHANTABILITY or FITNESS FOR A PARTICULAR PURPOSE.

configure:6233: $? = 0
configure:6222: g++ -v >&5
Using built-in specs.
COLLECT_GCC=g++
COLLECT_LTO_WRAPPER=/usr/lib/gcc/x86_64-linux-gnu/5/lto-wrapper
Target: x86_64-linux-gnu
Configured with: ../src/configure -v --with-pkgversion='Ubuntu 5.4.0-6ubuntu1~16.04.5' --with-bugurl=file:///usr/share/doc/gcc-5/README.Bugs --enable-languages=c,ada,c++,java,go,d,fortran,objc,obj-c++ --prefix=/usr --program-suffix=-5 --enable-shared --enable-linker-build-id --libexecdir=/usr/lib --without-included-gettext --enable-threads=posix --libdir=/usr/lib --enable-nls --with-sysroot=/ --enable-clocale=gnu --enable-libstdcxx-debug --enable-libstdcxx-time=yes --with-default-libstdcxx-abi=new --enable-gnu-unique-object --disable-vtable-verify --enable-libmpx --enable-plugin --with-system-zlib --disable-browser-plugin --enable-java-awt=gtk --enable-gtk-cairo --with-java-home=/usr/lib/jvm/java-1.5.0-gcj-5-amd64/jre --enable-java-home --with-jvm-root-dir=/usr/lib/jvm/java-1.5.0-gcj-5-amd64 --with-jvm-jar-dir=/usr/lib/jvm-exports/java-1.5.0-gcj-5-amd64 --with-arch-directory=amd64 --with-ecj-jar=/usr/share/java/eclipse-ecj.jar --enable-objc-gc --enable-multiarch --disable-werror --with-arch-32=i686 --with-abi=m64 --with-multilib-list=m32,m64,mx32 --enable-multilib --with-tune=generic --enable-checking=release --build=x86_64-linux-gnu --host=x86_64-linux-gnu --target=x86_64-linux-gnu
Thread model: posix
gcc version 5.4.0 20160609 (Ubuntu 5.4.0-6ubuntu1~16.04.5) 
configure:6233: $? = 0
configure:6222: g++ -V >&5
g++: error: unrecognized command line option '-V'
g++: fatal error: no input files
compilation terminated.
configure:6233: $? = 1
configure:6222: g++ -qversion >&5
g++: error: unrecognized command line option '-qversion'
g++: fatal error: no input files
compilation terminated.
configure:6233: $? = 1
configure:6237: checking whether we are using the GNU C++ compiler
configure:6265: result: yes
configure:6274: checking whether g++ accepts -g
configure:6335: result: yes
configure:6377: checking for a BSD-compatible install
configure:6445: result: /usr/bin/install -c
configure:6502: checking how to print strings
configure:6529: result: printf
configure:6550: checking for a sed that does not truncate output
configure:6614: result: /bin/sed
configure:6632: checking for fgrep
configure:6694: result: /bin/grep -F
configure:6729: checking for ld used by gcc
configure:6796: result: /usr/bin/ld
configure:6803: checking if the linker (/usr/bin/ld) is GNU ld
configure:6818: result: yes
configure:6830: checking for BSD- or MS-compatible name lister (nm)
configure:6884: result: /usr/bin/nm -B
configure:7014: checking the name lister (/usr/bin/nm -B) interface
configure:7021: gcc -c -g -O2  conftest.c >&5
configure:7024: /usr/bin/nm -B "conftest.o"
configure:7027: output
0000000000000000 B some_variable
configure:7034: result: BSD nm
configure:7037: checking whether ln -s works
configure:7041: result: yes
configure:7049: checking the maximum length of command line arguments
configure:7180: result: 1572864
configure:7228: checking how to convert x86_64-pc-linux-gnu file names to x86_64-pc-linux-gnu format
configure:7268: result: func_convert_file_noop
configure:7275: checking how to convert x86_64-pc-linux-gnu file names to toolchain format
configure:7295: result: func_convert_file_noop
configure:7302: checking for /usr/bin/ld option to reload object files
configure:7309: result: -r
configure:7383: checking for objdump
configure:7399: found /usr/bin/objdump
configure:7410: result: objdump
configure:7442: checking how to recognize dependent libraries
configure:7642: result: pass_all
configure:7727: checking for dlltool
configure:7757: result: no
configure:7787: checking how to associate runtime and link libraries
configure:7814: result: printf %s\n
configure:7874: checking for ar
configure:7890: found /usr/bin/ar
configure:7901: result: ar
configure:7938: checking for archiver @FILE support
configure:7955: gcc -c -g -O2  conftest.c >&5
configure:7955: $? = 0
configure:7958: ar cru libconftest.a @conftest.lst >&5
ar: `u' modifier ignored since `D' is the default (see `U')
configure:7961: $? = 0
configure:7966: ar cru libconftest.a @conftest.lst >&5
ar: `u' modifier ignored since `D' is the default (see `U')
ar: conftest.o: No such file or directory
configure:7969: $? = 1
configure:7981: result: @
configure:8039: checking for strip
configure:8055: found /usr/bin/strip
configure:8066: result: strip
configure:8138: checking for ranlib
configure:8154: found /usr/bin/ranlib
configure:8165: result: ranlib
configure:8242: checking for gawk
configure:8258: found /usr/bin/gawk
configure:8269: result: gawk
configure:8309: checking command to parse /usr/bin/nm -B output from gcc object
configure:8462: gcc -c -g -O2  conftest.c >&5
configure:8465: $? = 0
configure:8469: /usr/bin/nm -B conftest.o \| sed -n -e 's/^.*[ ]\([ABCDGIRSTW][ABCDGIRSTW]*\)[ ][ ]*\([_A-Za-z][_A-Za-z0-9]*\)$/\1 \2 \2/p' | sed '/ __gnu_lto/d' \> conftest.nm
configure:8472: $? = 0
configure:8538: gcc -o conftest -g -O2   conftest.c conftstm.o >&5
configure:8541: $? = 0
configure:8579: result: ok
configure:8626: checking for sysroot
configure:8656: result: no
configure:8663: checking for a working dd
configure:8701: result: /bin/dd
configure:8705: checking how to truncate binary pipes
configure:8720: result: /bin/dd bs=4096 count=1
configure:8856: gcc -c -g -O2  conftest.c >&5
configure:8859: $? = 0
configure:9049: checking for mt
configure:9065: found /bin/mt
configure:9076: result: mt
configure:9099: checking if mt is a manifest tool
configure:9105: mt '-?'
configure:9113: result: no
configure:9787: checking for dlfcn.h
configure:9787: gcc -c -g -O2  conftest.c >&5
configure:9787: $? = 0
configure:9787: result: yes
configure:10024: checking for objdir
configure:10039: result: .libs
configure:10303: checking if gcc supports -fno-rtti -fno-exceptions
configure:10321: gcc -c -g -O2  -fno-rtti -fno-exceptions conftest.c >&5
cc1: warning: command line option '-fno-rtti' is valid for C++/ObjC++ but not for C
configure:10325: $? = 0
configure:10338: result: no
configure:10696: checking for gcc option to produce PIC
configure:10703: result: -fPIC -DPIC
configure:10711: checking if gcc PIC flag -fPIC -DPIC works
configure:10729: gcc -c -g -O2  -fPIC -DPIC -DPIC conftest.c >&5
configure:10733: $? = 0
configure:10746: result: yes
configure:10775: checking if gcc static flag -static works
configure:10803: result: yes
configure:10818: checking if gcc supports -c -o file.o
configure:10839: gcc -c -g -O2  -o out/conftest2.o conftest.c >&5
configure:10843: $? = 0
configure:10865: result: yes
configure:10873: checking if gcc supports -c -o file.o
configure:10920: result: yes
configure:10953: checking whether the gcc linker (/usr/bin/ld -m elf_x86_64) supports shared libraries
configure:12216: result: yes
configure:12456: checking dynamic linker characteristics
configure:13037: gcc -o conftest -g -O2   -Wl,-rpath -Wl,/foo conftest.c  >&5
configure:13037: $? = 0
configure:13286: result: GNU/Linux ld.so
configure:13408: checking how to hardcode library paths into programs
configure:13433: result: immediate
configure:13981: checking whether stripping libraries is possible
configure:13986: result: yes
configure:14021: checking if libtool supports shared libraries
configure:14023: result: yes
configure:14026: checking whether to build shared libraries
configure:14051: result: no
configure:14054: checking whether to build static libraries
configure:14058: result: yes
configure:14081: checking how to run the C++ preprocessor
configure:14147: result: g++ -E
configure:14167: g++ -E  conftest.cpp
configure:14167: $? = 0
configure:14181: g++ -E  conftest.cpp
conftest.cpp:21:28: fatal error: ac_nonexistent.h: No such file or directory
compilation terminated.
configure:14181: $? = 1
configure: failed program was:
| /* confdefs.h */
| #define PACKAGE_NAME "sixproc"
| #define PACKAGE_TARNAME "sixproc"
| #define PACKAGE_VERSION "5.0.4"
| #define PACKAGE_STRING "sixproc 5.0.4"
| #define PACKAGE_BUGREPORT "mkeith@pulsarastronomy.net"
| #define PACKAGE_URL ""
| #define STDC_HEADERS 1
| #define HAVE_SYS_TYPES_H 1
| #define HAVE_SYS_STAT_H 1
| #define HAVE_STDLIB_H 1
| #define HAVE_STRING_H 1
| #define HAVE_MEMORY_H 1
| #define HAVE_STRINGS_H 1
| #define HAVE_INTTYPES_H 1
| #define HAVE_STDINT_H 1
| #define HAVE_UNISTD_H 1
| #define HAVE_DLFCN_H 1
| #define LT_OBJDIR ".libs/"
| /* end confdefs.h.  */
| #include <ac_nonexistent.h>
configure:14343: checking for ld used by g++
configure:14410: result: /usr/bin/ld -m elf_x86_64
configure:14417: checking if the linker (/usr/bin/ld -m elf_x86_64) is GNU ld
configure:14432: result: yes
configure:14487: checking whether the g++ linker (/usr/bin/ld -m elf_x86_64) supports shared libraries
configure:15560: result: yes
configure:15596: g++ -c -g -O2  conftest.cpp >&5
configure:15599: $? = 0
configure:16080: checking for g++ option to produce PIC
configure:16087: result: -fPIC -DPIC
configure:16095: checking if g++ PIC flag -fPIC -DPIC works
configure:16113: g++ -c -g -O2  -fPIC -DPIC -DPIC conftest.cpp >&5
configure:16117: $? = 0
configure:16130: result: yes
configure:16153: checking if g++ static flag -static works
configure:16181: result: yes
configure:16193: checking if g++ supports -c -o file.o
configure:16214: g++ -c -g -O2  -o out/conftest2.o conftest.cpp >&5
configure:16218: $? = 0
configure:16240: result: yes
configure:16245: checking if g++ supports -c -o file.o
configure:16292: result: yes
configure:16322: checking whether the g++ linker (/usr/bin/ld -m elf_x86_64) supports shared libraries
configure:16365: result: yes
configure:16506: checking dynamic linker characteristics
configure:17263: result: GNU/Linux ld.so
configure:17328: checking how to hardcode library paths into programs
configure:17353: result: immediate
configure:17494: checking if libtool supports shared libraries
configure:17496: result: yes
configure:17499: checking whether to build shared libraries
configure:17523: result: no
configure:17526: checking whether to build static libraries
configure:17530: result: yes
configure:17882: checking for f77 option to produce PIC
configure:17889: result: -fPIC
configure:17897: checking if f77 PIC flag -fPIC works
configure:17915: f77 -c -g -O2 -fPIC conftest.f >&5
configure:17919: $? = 0
configure:17932: result: yes
configure:17955: checking if f77 static flag -static works
configure:17983: result: yes
configure:17995: checking if f77 supports -c -o file.o
configure:18016: f77 -c -g -O2 -o out/conftest2.o conftest.f >&5
configure:18020: $? = 0
configure:18042: result: yes
configure:18047: checking if f77 supports -c -o file.o
configure:18094: result: yes
configure:18124: checking whether the f77 linker (/usr/bin/ld -m elf_x86_64) supports shared libraries
configure:19337: result: yes
configure:19478: checking dynamic linker characteristics
configure:20229: result: GNU/Linux ld.so
configure:20294: checking how to hardcode library paths into programs
configure:20319: result: immediate
configure:20412: checking for xml2-config
configure:20443: result: no
configure:20452: checking for libxml - version >= 2.0.0
configure:20573: result: no
configure:20635: checking for libraries containing socket functions
configure:20663: gcc -o conftest -g -O2   conftest.c  >&5
configure:20663: $? = 0
configure:20738: result: -lc
configure:20814: checking for CFITSIO installation
configure:20851: gcc -c -I. -g -O2  conftest.c >&5
configure:20851: $? = 0
configure:20912: gcc -o conftest  -g -O2   conftest.c -L. -lcfitsio -lm   >&5
configure:20912: $? = 0
configure:20936: result: yes
configure:20965: checking for X
configure:21073: gcc -E  conftest.c
configure:21073: $? = 0
configure:21104: gcc -o conftest -g -O2   conftest.c -lX11  >&5
configure:21104: $? = 0
configure:21154: result: libraries , headers 
configure:21253: gcc -o conftest -g -O2   conftest.c   -lX11 >&5
configure:21253: $? = 0
configure:21351: checking for gethostbyname
configure:21351: gcc -o conftest -g -O2   conftest.c  >&5
configure:21351: $? = 0
configure:21351: result: yes
configure:21448: checking for connect
configure:21448: gcc -o conftest -g -O2   conftest.c  >&5
configure:21448: $? = 0
configure:21448: result: yes
configure:21497: checking for remove
configure:21497: gcc -o conftest -g -O2   conftest.c  >&5
configure:21497: $? = 0
configure:21497: result: yes
configure:21546: checking for shmat
configure:21546: gcc -o conftest -g -O2   conftest.c  >&5
configure:21546: $? = 0
configure:21546: result: yes
configure:21604: checking for IceConnectionNumber in -lICE
configure:21629: gcc -o conftest -g -O2   conftest.c -lICE   >&5
/usr/bin/ld: cannot find -lICE
collect2: error: ld returned 1 exit status
configure:21629: $? = 1
configure: failed program was:
| /* confdefs.h */
| #define PACKAGE_NAME "sixproc"
| #define PACKAGE_TARNAME "sixproc"
| #define PACKAGE_VERSION "5.0.4"
| #define PACKAGE_STRING "sixproc 5.0.4"
| #define PACKAGE_BUGREPORT "mkeith@pulsarastronomy.net"
| #define PACKAGE_URL ""
| #define STDC_HEADERS 1
| #define HAVE_SYS_TYPES_H 1
| #define HAVE_SYS_STAT_H 1
| #define HAVE_STDLIB_H 1
| #define HAVE_STRING_H 1
| #define HAVE_MEMORY_H 1
| #define HAVE_STRINGS_H 1
| #define HAVE_INTTYPES_H 1
| #define HAVE_STDINT_H 1
| #define HAVE_UNISTD_H 1
| #define HAVE_DLFCN_H 1
| #define LT_OBJDIR ".libs/"
| #define HAVE_CFITSIO 1
| /* end confdefs.h.  */
| 
| /* Override any GCC internal prototype to avoid an error.
|    Use char because int might match the return type of a GCC
|    builtin and then its argument prototype would still apply.  */
| #ifdef __cplusplus
| extern "C"
| #endif
| char IceConnectionNumber ();
| int
| main ()
| {
| return IceConnectionNumber ();
|   ;
|   return 0;
| }
configure:21638: result: no
configure:21652: checking for libX11.so
configure:21669: result: no
configure:21671: result: X_LIBS=
configure:21673: result: X_PRE_LIBS=
configure:21675: result: X_EXTRA_LIBS=
configure:21677: result: X_CFLAGS=
configure:21694: checking for PGPLOT installation
configure:21728: gcc -o conftest -g -O2    conftest.c   -lcpgplot -lpgplot  -L/usr/lib/gcc/x86_64-linux-gnu/5 -L/usr/lib/gcc/x86_64-linux-gnu/5/../../../x86_64-linux-gnu -L/usr/lib/gcc/x86_64-linux-gnu/5/../../../../lib -L/lib/x86_64-linux-gnu -L/lib/../lib -L/usr/lib/x86_64-linux-gnu -L/usr/lib/../lib -L/usr/lib/gcc/x86_64-linux-gnu/5/../../.. -lgfortran -lm -lquadmath  >&5
configure:21728: $? = 0
configure:21806: result: yes
configure:21845: checking openssl/sha.h usability
configure:21845: gcc -c -g -O2  conftest.c >&5
configure:21845: $? = 0
configure:21845: result: yes
configure:21845: checking openssl/sha.h presence
configure:21845: gcc -E  conftest.c
configure:21845: $? = 0
configure:21845: result: yes
configure:21845: checking for openssl/sha.h
configure:21845: result: yes
configure:21855: checking for SHA1 in -lcrypto
configure:21880: gcc -o conftest -g -O2   conftest.c -lcrypto   >&5
configure:21880: $? = 0
configure:21889: result: yes
configure:21925: checking for PsrXML libraries
configure:21953: gcc -o conftest -g -O2  -I/include   conftest.c  -L/lib  -lpsrxml -lcrypto >&5
conftest.c:24:20: fatal error: psrxml.h: No such file or directory
compilation terminated.
configure:21953: $? = 1
configure: failed program was:
| /* confdefs.h */
| #define PACKAGE_NAME "sixproc"
| #define PACKAGE_TARNAME "sixproc"
| #define PACKAGE_VERSION "5.0.4"
| #define PACKAGE_STRING "sixproc 5.0.4"
| #define PACKAGE_BUGREPORT "mkeith@pulsarastronomy.net"
| #define PACKAGE_URL ""
| #define STDC_HEADERS 1
| #define HAVE_SYS_TYPES_H 1
| #define HAVE_SYS_STAT_H 1
| #define HAVE_STDLIB_H 1
| #define HAVE_STRING_H 1
| #define HAVE_MEMORY_H 1
| #define HAVE_STRINGS_H 1
| #define HAVE_INTTYPES_H 1
| #define HAVE_STDINT_H 1
| #define HAVE_UNISTD_H 1
| #define HAVE_DLFCN_H 1
| #define LT_OBJDIR ".libs/"
| #define HAVE_CFITSIO 1
| #define HAVE_PGPLOT 1
| #define HAVE_OPENSSL_SHA_H 1
| /* end confdefs.h.  */
| #include <psrxml.h>
| int
| main ()
| {
| writePsrXml((psrxml*)NULL, "");
|   ;
|   return 0;
| }
configure:21961: result: no
configure:21973: WARNING: PsrXML code will not be compiled
configure:21995: checking for OpenMP flag of C compiler
configure:22031: gcc -o conftest -g -O2 -fopenmp   conftest.c  >&5
configure:22031: $? = 0
configure:22040: result: -fopenmp
configure:22060: checking if zlib is wanted
configure:22104: checking for inflateEnd in -lz
configure:22129: gcc -o conftest -g -O2 -fopenmp -DHAVE_OPENMP  -I/usr/include  -L/usr/lib conftest.c -lz   >&5
configure:22129: $? = 0
configure:22138: result: yes
configure:22146: checking zlib.h usability
configure:22146: gcc -c -g -O2 -fopenmp -DHAVE_OPENMP  -I/usr/include conftest.c >&5
configure:22146: $? = 0
configure:22146: result: yes
configure:22146: checking zlib.h presence
configure:22146: gcc -E  -I/usr/include conftest.c
configure:22146: $? = 0
configure:22146: result: yes
configure:22146: checking for zlib.h
configure:22146: result: yes
configure:22165: checking for inflateEnd in -lz
configure:22199: result: yes
configure:22210: checking zlib in /usr
configure:22212: result: ok
configure:22394: checking for the pthreads library -lpthreads
configure:22427: gcc -o conftest -g -O2 -fopenmp -DHAVE_OPENMP   -I/usr/include  -L/usr/lib conftest.c -lpthreads -lz  >&5
conftest.c: In function 'main':
conftest.c:30:22: warning: null argument where non-null required (argument 1) [-Wnonnull]
                      pthread_attr_init(0); pthread_cleanup_push(0, 0);
                      ^
conftest.c:31:22: warning: null argument where non-null required (argument 1) [-Wnonnull]
                      pthread_create(0,0,0,0); pthread_cleanup_pop(0);
                      ^
conftest.c:31:22: warning: null argument where non-null required (argument 3) [-Wnonnull]
/usr/bin/ld: cannot find -lpthreads
collect2: error: ld returned 1 exit status
configure:22427: $? = 1
configure: failed program was:
| /* confdefs.h */
| #define PACKAGE_NAME "sixproc"
| #define PACKAGE_TARNAME "sixproc"
| #define PACKAGE_VERSION "5.0.4"
| #define PACKAGE_STRING "sixproc 5.0.4"
| #define PACKAGE_BUGREPORT "mkeith@pulsarastronomy.net"
| #define PACKAGE_URL ""
| #define STDC_HEADERS 1
| #define HAVE_SYS_TYPES_H 1
| #define HAVE_SYS_STAT_H 1
| #define HAVE_STDLIB_H 1
| #define HAVE_STRING_H 1
| #define HAVE_MEMORY_H 1
| #define HAVE_STRINGS_H 1
| #define HAVE_INTTYPES_H 1
| #define HAVE_STDINT_H 1
| #define HAVE_UNISTD_H 1
| #define HAVE_DLFCN_H 1
| #define LT_OBJDIR ".libs/"
| #define HAVE_CFITSIO 1
| #define HAVE_PGPLOT 1
| #define HAVE_OPENSSL_SHA_H 1
| #define HAVE_LIBZ 1
| /* end confdefs.h.  */
| #include <pthread.h>
| int
| main ()
| {
| pthread_t th; pthread_join(th, 0);
|                      pthread_attr_init(0); pthread_cleanup_push(0, 0);
|                      pthread_create(0,0,0,0); pthread_cleanup_pop(0);
|   ;
|   return 0;
| }
configure:22436: result: no
configure:22339: checking whether pthreads work without any flags
configure:22427: gcc -o conftest -g -O2 -fopenmp -DHAVE_OPENMP   -I/usr/include  -L/usr/lib conftest.c  -lz  >&5
conftest.c: In function 'main':
conftest.c:30:22: warning: null argument where non-null required (argument 1) [-Wnonnull]
                      pthread_attr_init(0); pthread_cleanup_push(0, 0);
                      ^
conftest.c:31:22: warning: null argument where non-null required (argument 1) [-Wnonnull]
                      pthread_create(0,0,0,0); pthread_cleanup_pop(0);
                      ^
conftest.c:31:22: warning: null argument where non-null required (argument 3) [-Wnonnull]
configure:22427: $? = 0
configure:22436: result: yes
configure:22455: checking for joinable pthread attribute
configure:22470: gcc -o conftest -g -O2 -fopenmp -DHAVE_OPENMP   -I/usr/include  -L/usr/lib conftest.c  -lz  >&5
configure:22470: $? = 0
configure:22476: result: PTHREAD_CREATE_JOINABLE
configure:22486: checking if more special flags are required for pthreads
configure:22493: result: no
configure:22588: checking for FFTW3 single precision libraries
configure:22616: gcc -o conftest -g -O2 -fopenmp -DHAVE_OPENMP  -I/include  -I/usr/include  -L/usr/lib conftest.c -lz  -L/lib -lfftw3f -lm >&5
configure:22616: $? = 0
configure:22624: result: yes
configure:22655: checking for FFTW3 multi-threaded library
configure:22670: gcc -o conftest -g -O2 -fopenmp -DHAVE_OPENMP  -I/include   -I/usr/include  -L/usr/lib conftest.c -lz  -lfftw3f_threads -L/lib -lfftw3f -lm  >&5
configure:22670: $? = 0
configure:22678: result: yes
configure:22727: checking whether build environment is sane
configure:22782: result: yes
configure:22930: checking for a thread-safe mkdir -p
configure:22969: result: /bin/mkdir -p
configure:22972: checking whether make sets $(MAKE)
configure:22994: result: yes
configure:23024: checking for style of include used by make
configure:23052: result: GNU
configure:23086: checking whether make supports nested variables
configure:23103: result: yes
configure:23188: checking dependency style of gcc
configure:23299: result: gcc3
configure:23316: checking dependency style of g++
configure:23427: result: gcc3
configure:23622: checking that generated files are newer than configure
configure:23628: result: done
configure:23655: creating ./config.status

## ---------------------- ##
## Running config.status. ##
## ---------------------- ##

This file was extended by sixproc config.status 5.0.4, which was
generated by GNU Autoconf 2.69.  Invocation command line was

  CONFIG_FILES    = 
  CONFIG_HEADERS  = 
  CONFIG_LINKS    = 
  CONFIG_COMMANDS = 
  $ ./config.status 

on blpc1

config.status:1248: creating Makefile
config.status:1248: creating src/Makefile
config.status:1248: creating config.h
config.status:1477: executing libtool commands
config.status:1477: executing depfiles commands

## ---------------- ##
## Cache variables. ##
## ---------------- ##

ac_cv_build=x86_64-pc-linux-gnu
ac_cv_c_bigendian=no
ac_cv_c_compiler_gnu=yes
ac_cv_cxx_compiler_gnu=yes
ac_cv_env_CCC_set=
ac_cv_env_CCC_value=
ac_cv_env_CC_set=
ac_cv_env_CC_value=
ac_cv_env_CFLAGS_set=
ac_cv_env_CFLAGS_value=
ac_cv_env_CPPFLAGS_set=
ac_cv_env_CPPFLAGS_value=
ac_cv_env_CPP_set=
ac_cv_env_CPP_value=
ac_cv_env_CXXCPP_set=
ac_cv_env_CXXCPP_value=
ac_cv_env_CXXFLAGS_set=
ac_cv_env_CXXFLAGS_value=
ac_cv_env_CXX_set=
ac_cv_env_CXX_value=
ac_cv_env_F77_set=
ac_cv_env_F77_value=
ac_cv_env_FFLAGS_set=
ac_cv_env_FFLAGS_value=
ac_cv_env_LDFLAGS_set=
ac_cv_env_LDFLAGS_value=
ac_cv_env_LIBS_set=
ac_cv_env_LIBS_value=
ac_cv_env_LT_SYS_LIBRARY_PATH_set=
ac_cv_env_LT_SYS_LIBRARY_PATH_value=
ac_cv_env_XMKMF_set=
ac_cv_env_XMKMF_value=
ac_cv_env_build_alias_set=
ac_cv_env_build_alias_value=
ac_cv_env_host_alias_set=
ac_cv_env_host_alias_value=
ac_cv_env_target_alias_set=
ac_cv_env_target_alias_value=
ac_cv_f77_compiler_gnu=yes
ac_cv_f77_libs=' -L/usr/lib/gcc/x86_64-linux-gnu/5 -L/usr/lib/gcc/x86_64-linux-gnu/5/../../../x86_64-linux-gnu -L/usr/lib/gcc/x86_64-linux-gnu/5/../../../../lib -L/lib/x86_64-linux-gnu -L/lib/../lib -L/usr/lib/x86_64-linux-gnu -L/usr/lib/../lib -L/usr/lib/gcc/x86_64-linux-gnu/5/../../.. -lgfortran -lm -lquadmath'
ac_cv_func_connect=yes
ac_cv_func_gethostbyname=yes
ac_cv_func_remove=yes
ac_cv_func_shmat=yes
ac_cv_have_x='have_x=yes	ac_x_includes='\'''\''	ac_x_libraries='\'''\'''
ac_cv_header_dlfcn_h=yes
ac_cv_header_inttypes_h=yes
ac_cv_header_memory_h=yes
ac_cv_header_openssl_sha_h=yes
ac_cv_header_stdc=yes
ac_cv_header_stdint_h=yes
ac_cv_header_stdlib_h=yes
ac_cv_header_string_h=yes
ac_cv_header_strings_h=yes
ac_cv_header_sys_stat_h=yes
ac_cv_header_sys_types_h=yes
ac_cv_header_unistd_h=yes
ac_cv_header_zlib_h=yes
ac_cv_host=x86_64-pc-linux-gnu
ac_cv_lib_ICE_IceConnectionNumber=no
ac_cv_lib_crypto_SHA1=yes
ac_cv_lib_z_inflateEnd=yes
ac_cv_objext=o
ac_cv_path_EGREP='/bin/grep -E'
ac_cv_path_FGREP='/bin/grep -F'
ac_cv_path_GREP=/bin/grep
ac_cv_path_SED=/bin/sed
ac_cv_path_XML2_CONFIG=no
ac_cv_path_install='/usr/bin/install -c'
ac_cv_path_lt_DD=/bin/dd
ac_cv_path_mkdir=/bin/mkdir
ac_cv_prog_AWK=gawk
ac_cv_prog_CPP='gcc -E'
ac_cv_prog_CXXCPP='g++ -E'
ac_cv_prog_ac_ct_AR=ar
ac_cv_prog_ac_ct_CC=gcc
ac_cv_prog_ac_ct_CXX=g++
ac_cv_prog_ac_ct_F77=f77
ac_cv_prog_ac_ct_MANIFEST_TOOL=mt
ac_cv_prog_ac_ct_OBJDUMP=objdump
ac_cv_prog_ac_ct_RANLIB=ranlib
ac_cv_prog_ac_ct_STRIP=strip
ac_cv_prog_cc_c89=
ac_cv_prog_cc_g=yes
ac_cv_prog_cxx_g=yes
ac_cv_prog_f77_c_o=yes
ac_cv_prog_f77_g=yes
ac_cv_prog_f77_v=-v
ac_cv_prog_make_make_set=yes
ac_cv_socket_libs=-lc
ac_cv_sys_file_offset_bits=no
ac_cv_sys_largefile_CC=no
am_cv_CC_dependencies_compiler_type=gcc3
am_cv_CXX_dependencies_compiler_type=gcc3
am_cv_make_support_nested_variables=yes
am_cv_prog_cc_c_o=yes
ax_cv_c_openmp=-fopenmp
lt_cv_ar_at_file=@
lt_cv_deplibs_check_method=pass_all
lt_cv_file_magic_cmd='$MAGIC_CMD'
lt_cv_file_magic_test_file=
lt_cv_ld_reload_flag=-r
lt_cv_nm_interface='BSD nm'
lt_cv_objdir=.libs
lt_cv_path_LD=/usr/bin/ld
lt_cv_path_LDCXX='/usr/bin/ld -m elf_x86_64'
lt_cv_path_NM='/usr/bin/nm -B'
lt_cv_path_mainfest_tool=no
lt_cv_prog_compiler_c_o=yes
lt_cv_prog_compiler_c_o_CXX=yes
lt_cv_prog_compiler_c_o_F77=yes
lt_cv_prog_compiler_pic='-fPIC -DPIC'
lt_cv_prog_compiler_pic_CXX='-fPIC -DPIC'
lt_cv_prog_compiler_pic_F77=-fPIC
lt_cv_prog_compiler_pic_works=yes
lt_cv_prog_compiler_pic_works_CXX=yes
lt_cv_prog_compiler_pic_works_F77=yes
lt_cv_prog_compiler_rtti_exceptions=no
lt_cv_prog_compiler_static_works=yes
lt_cv_prog_compiler_static_works_CXX=yes
lt_cv_prog_compiler_static_works_F77=yes
lt_cv_prog_gnu_ld=yes
lt_cv_prog_gnu_ldcxx=yes
lt_cv_sharedlib_from_linklib_cmd='printf %s\n'
lt_cv_shlibpath_overrides_runpath=no
lt_cv_sys_global_symbol_pipe='sed -n -e '\''s/^.*[	 ]\([ABCDGIRSTW][ABCDGIRSTW]*\)[	 ][	 ]*\([_A-Za-z][_A-Za-z0-9]*\)$/\1 \2 \2/p'\'' | sed '\''/ __gnu_lto/d'\'''
lt_cv_sys_global_symbol_to_c_name_address='sed -n -e '\''s/^: \(.*\) .*$/  {"\1", (void *) 0},/p'\'' -e '\''s/^[ABCDGIRSTW][ABCDGIRSTW]* .* \(.*\)$/  {"\1", (void *) \&\1},/p'\'''
lt_cv_sys_global_symbol_to_c_name_address_lib_prefix='sed -n -e '\''s/^: \(.*\) .*$/  {"\1", (void *) 0},/p'\'' -e '\''s/^[ABCDGIRSTW][ABCDGIRSTW]* .* \(lib.*\)$/  {"\1", (void *) \&\1},/p'\'' -e '\''s/^[ABCDGIRSTW][ABCDGIRSTW]* .* \(.*\)$/  {"lib\1", (void *) \&\1},/p'\'''
lt_cv_sys_global_symbol_to_cdecl='sed -n -e '\''s/^T .* \(.*\)$/extern int \1();/p'\'' -e '\''s/^[ABCDGIRSTW][ABCDGIRSTW]* .* \(.*\)$/extern char \1;/p'\'''
lt_cv_sys_global_symbol_to_import=
lt_cv_sys_max_cmd_len=1572864
lt_cv_to_host_file_cmd=func_convert_file_noop
lt_cv_to_tool_file_cmd=func_convert_file_noop
lt_cv_truncate_bin='/bin/dd bs=4096 count=1'
zlib_cv_libz=yes
zlib_cv_zlib_h=yes

## ----------------- ##
## Output variables. ##
## ----------------- ##

ACLOCAL='${SHELL} /home/vgajjar/bl_sigproc/config/missing aclocal-1.15'
AMDEPBACKSLASH='\'
AMDEP_FALSE='#'
AMDEP_TRUE=''
AMTAR='$${TAR-tar}'
AM_BACKSLASH='\'
AM_DEFAULT_V='$(AM_DEFAULT_VERBOSITY)'
AM_DEFAULT_VERBOSITY='1'
AM_V='$(V)'
AR='ar'
AUTOCONF='${SHELL} /home/vgajjar/bl_sigproc/config/missing autoconf'
AUTOHEADER='${SHELL} /home/vgajjar/bl_sigproc/config/missing autoheader'
AUTOMAKE='${SHELL} /home/vgajjar/bl_sigproc/config/missing automake-1.15'
AWK='gawk'
CC='gcc'
CCDEPMODE='depmode=gcc3'
CFITSIO_CFLAGS=''
CFITSIO_LIBS='-lcfitsio -lm '
CFLAGS='-g -O2 -fopenmp -DHAVE_OPENMP'
CPP='gcc -E'
CPPFLAGS=' -I/usr/include'
CXX='g++'
CXXCPP='g++ -E'
CXXDEPMODE='depmode=gcc3'
CXXFLAGS='-g -O2 -fopenmp -DHAVE_OPENMP'
CYGPATH_W='echo'
DEFS='-DHAVE_CONFIG_H'
DEPDIR='.deps'
DLLTOOL='false'
DSYMUTIL=''
DUMPBIN=''
ECHO_C=''
ECHO_N='-n'
ECHO_T=''
EGREP='/bin/grep -E'
EXEEXT=''
F77='f77'
FFLAGS='-g -O2'
FFTW_CFLAGS=' -I/include  -DFFTW_THREADS'
FFTW_LIBS='-lfftw3f_threads -L/lib -lfftw3f -lm '
FGREP='/bin/grep -F'
FLIBS=' -L/usr/lib/gcc/x86_64-linux-gnu/5 -L/usr/lib/gcc/x86_64-linux-gnu/5/../../../x86_64-linux-gnu -L/usr/lib/gcc/x86_64-linux-gnu/5/../../../../lib -L/lib/x86_64-linux-gnu -L/lib/../lib -L/usr/lib/x86_64-linux-gnu -L/usr/lib/../lib -L/usr/lib/gcc/x86_64-linux-gnu/5/../../.. -lgfortran -lm -lquadmath'
GREP='/bin/grep'
HAVE_CFITSIO_FALSE='#'
HAVE_CFITSIO_TRUE=''
HAVE_FFTW_FALSE='#'
HAVE_FFTW_TRUE=''
HAVE_OPENSSL_FALSE='#'
HAVE_OPENSSL_TRUE=''
HAVE_PGPLOT_FALSE='#'
HAVE_PGPLOT_TRUE=''
HAVE_PSRXML_FALSE=''
HAVE_PSRXML_TRUE='#'
INSTALL_DATA='${INSTALL} -m 644'
INSTALL_PROGRAM='${INSTALL}'
INSTALL_SCRIPT='${INSTALL}'
INSTALL_STRIP_PROGRAM='$(install_sh) -c -s'
LD='/usr/bin/ld -m elf_x86_64'
LDFLAGS=' -L/usr/lib'
LIBOBJS=''
LIBS='-lz '
LIBTOOL='$(SHELL) $(top_builddir)/libtool'
LIPO=''
LN_S='ln -s'
LTLIBOBJS=''
LT_SYS_LIBRARY_PATH=''
MAKEINFO='${SHELL} /home/vgajjar/bl_sigproc/config/missing makeinfo'
MANIFEST_TOOL=':'
MKDIR_P='/bin/mkdir -p'
NM='/usr/bin/nm -B'
NMEDIT=''
OBJDUMP='objdump'
OBJEXT='o'
OPENSSL_LIBS='-lcrypto'
OTOOL64=''
OTOOL=''
PACKAGE='sixproc'
PACKAGE_BUGREPORT='mkeith@pulsarastronomy.net'
PACKAGE_NAME='sixproc'
PACKAGE_STRING='sixproc 5.0.4'
PACKAGE_TARNAME='sixproc'
PACKAGE_URL=''
PACKAGE_VERSION='5.0.4'
PATH_SEPARATOR=':'
PGPLOT_CFLAGS=''
PGPLOT_LIBS=' -lcpgplot -lpgplot  -L/usr/lib/gcc/x86_64-linux-gnu/5 -L/usr/lib/gcc/x86_64-linux-gnu/5/../../../x86_64-linux-gnu -L/usr/lib/gcc/x86_64-linux-gnu/5/../../../../lib -L/lib/x86_64-linux-gnu -L/lib/../lib -L/usr/lib/x86_64-linux-gnu -L/usr/lib/../lib -L/usr/lib/gcc/x86_64-linux-gnu/5/../../.. -lgfortran -lm -lquadmath '
PSRXML_CFLAGS=''
PSRXML_LIBS=''
PTHREAD_CC='gcc'
PTHREAD_CFLAGS=''
PTHREAD_LIBS=''
RANLIB='ranlib'
SED='/bin/sed'
SET_MAKE=''
SHELL='/bin/bash'
SOCKET_LIBS=''
STRIP='strip'
VERSION='5.0.4'
XMKMF=''
XML2_CONFIG='no'
XML_CPPFLAGS=''
XML_LIBS=''
X_CFLAGS=''
X_EXTRA_LIBS=''
X_LIBS=''
X_PRE_LIBS=''
ac_ct_AR='ar'
ac_ct_CC='gcc'
ac_ct_CXX='g++'
ac_ct_DUMPBIN=''
ac_ct_F77='f77'
acx_pthread_config=''
am__EXEEXT_FALSE=''
am__EXEEXT_TRUE='#'
am__fastdepCC_FALSE='#'
am__fastdepCC_TRUE=''
am__fastdepCXX_FALSE='#'
am__fastdepCXX_TRUE=''
am__include='include'
am__isrc=''
am__leading_dot='.'
am__nodep='_no'
am__quote=''
am__tar='$${TAR-tar} chof - "$$tardir"'
am__untar='$${TAR-tar} xf -'
bindir='${exec_prefix}/bin'
build='x86_64-pc-linux-gnu'
build_alias=''
build_cpu='x86_64'
build_os='linux-gnu'
build_vendor='pc'
datadir='${datarootdir}'
datarootdir='${prefix}/share'
docdir='${datarootdir}/doc/${PACKAGE_TARNAME}'
dvidir='${docdir}'
exec_prefix='${prefix}'
host='x86_64-pc-linux-gnu'
host_alias=''
host_cpu='x86_64'
host_os='linux-gnu'
host_vendor='pc'
htmldir='${docdir}'
includedir='${prefix}/include'
infodir='${datarootdir}/info'
install_sh='${SHELL} /home/vgajjar/bl_sigproc/config/install-sh'
libdir='${exec_prefix}/lib'
libexecdir='${exec_prefix}/libexec'
localedir='${datarootdir}/locale'
localstatedir='${prefix}/var'
mandir='${datarootdir}/man'
mkdir_p='$(MKDIR_P)'
oldincludedir='/usr/include'
pdfdir='${docdir}'
prefix='/home/vgajjar/linux64_bin/bin'
program_transform_name='s,x,x,'
psdir='${docdir}'
runstatedir='${localstatedir}/run'
sbindir='${exec_prefix}/sbin'
sharedstatedir='${prefix}/com'
sysconfdir='${prefix}/etc'
target_alias=''

## ----------- ##
## confdefs.h. ##
## ----------- ##

/* confdefs.h */
#define PACKAGE_NAME "sixproc"
#define PACKAGE_TARNAME "sixproc"
#define PACKAGE_VERSION "5.0.4"
#define PACKAGE_STRING "sixproc 5.0.4"
#define PACKAGE_BUGREPORT "mkeith@pulsarastronomy.net"
#define PACKAGE_URL ""
#define STDC_HEADERS 1
#define HAVE_SYS_TYPES_H 1
#define HAVE_SYS_STAT_H 1
#define HAVE_STDLIB_H 1
#define HAVE_STRING_H 1
#define HAVE_MEMORY_H 1
#define HAVE_STRINGS_H 1
#define HAVE_INTTYPES_H 1
#define HAVE_STDINT_H 1
#define HAVE_UNISTD_H 1
#define HAVE_DLFCN_H 1
#define LT_OBJDIR ".libs/"
#define HAVE_CFITSIO 1
#define HAVE_PGPLOT 1
#define HAVE_OPENSSL_SHA_H 1
#define HAVE_LIBZ 1
#define HAVE_PTHREAD 1
#define HAVE_FFTW 1
#define HAVE_FFTW_THREADS 1
#define PACKAGE "sixproc"
#define VERSION "5.0.4"

configure: exit 0

## ---------------------- ##
## Running config.status. ##
## ---------------------- ##

This file was extended by sixproc config.status 5.0.4, which was
generated by GNU Autoconf 2.69.  Invocation command line was

  CONFIG_FILES    = 
  CONFIG_HEADERS  = 
  CONFIG_LINKS    = 
  CONFIG_COMMANDS = 
  $ ./config.status src/Makefile depfiles

on blpc1

config.status:1248: creating src/Makefile
config.status:1477: executing depfiles commands
